<?xml version="1.0" encoding="UTF-8"?>
<testsuite xmlns:xsi="http://www.w3.org/2001/XMLSchema-instance" xsi:noNamespaceSchemaLocation="https://maven.apache.org/surefire/maven-surefire-plugin/xsd/surefire-test-report-3.0.xsd" version="3.0" name="demo.hw.server.HelloWorldImplTest" time="0.059" tests="3" errors="0" skipped="0" failures="0">
  <properties>
    <property name="sun.desktop" value="windows"/>
    <property name="awt.toolkit" value="sun.awt.windows.WToolkit"/>
    <property name="java.specification.version" value="11"/>
    <property name="sun.cpu.isalist" value="amd64"/>
    <property name="sun.jnu.encoding" value="Cp1252"/>
    <property name="java.class.path" value="C:\interest-workspace\cxf\distribution\src\main\release\samples\java_first_jaxws\target\test-classes;C:\interest-workspace\cxf\distribution\src\main\release\samples\java_first_jaxws\target\classes;C:\Users\YonZhang\.m2\repository\org\apache\cxf\cxf-rt-frontend-jaxws\3.5.8\cxf-rt-frontend-jaxws-3.5.8.jar;C:\Users\YonZhang\.m2\repository\xml-resolver\xml-resolver\1.2\xml-resolver-1.2.jar;C:\Users\YonZhang\.m2\repository\org\ow2\asm\asm\9.6\asm-9.6.jar;C:\Users\YonZhang\.m2\repository\org\apache\cxf\cxf-core\3.5.8\cxf-core-3.5.8.jar;C:\Users\YonZhang\.m2\repository\org\glassfish\jaxb\jaxb-runtime\2.3.5\jaxb-runtime-2.3.5.jar;C:\Users\YonZhang\.m2\repository\org\glassfish\jaxb\txw2\2.3.5\txw2-2.3.5.jar;C:\Users\YonZhang\.m2\repository\com\sun\istack\istack-commons-runtime\3.0.12\istack-commons-runtime-3.0.12.jar;C:\Users\YonZhang\.m2\repository\org\apache\ws\xmlschema\xmlschema-core\2.3.1\xmlschema-core-2.3.1.jar;C:\Users\YonZhang\.m2\repository\org\apache\cxf\cxf-rt-bindings-soap\3.5.8\cxf-rt-bindings-soap-3.5.8.jar;C:\Users\YonZhang\.m2\repository\org\apache\cxf\cxf-rt-wsdl\3.5.8\cxf-rt-wsdl-3.5.8.jar;C:\Users\YonZhang\.m2\repository\wsdl4j\wsdl4j\1.6.3\wsdl4j-1.6.3.jar;C:\Users\YonZhang\.m2\repository\org\apache\cxf\cxf-rt-databinding-jaxb\3.5.8\cxf-rt-databinding-jaxb-3.5.8.jar;C:\Users\YonZhang\.m2\repository\org\apache\cxf\cxf-rt-bindings-xml\3.5.8\cxf-rt-bindings-xml-3.5.8.jar;C:\Users\YonZhang\.m2\repository\org\apache\cxf\cxf-rt-frontend-simple\3.5.8\cxf-rt-frontend-simple-3.5.8.jar;C:\Users\YonZhang\.m2\repository\org\apache\cxf\cxf-rt-ws-addr\3.5.8\cxf-rt-ws-addr-3.5.8.jar;C:\Users\YonZhang\.m2\repository\org\apache\cxf\cxf-rt-ws-policy\3.5.8\cxf-rt-ws-policy-3.5.8.jar;C:\Users\YonZhang\.m2\repository\org\apache\neethi\neethi\3.2.0\neethi-3.2.0.jar;C:\Users\YonZhang\.m2\repository\com\sun\activation\jakarta.activation\1.2.2\jakarta.activation-1.2.2.jar;C:\Users\YonZhang\.m2\repository\org\apache\geronimo\specs\geronimo-jta_1.1_spec\1.1.1\geronimo-jta_1.1_spec-1.1.1.jar;C:\Users\YonZhang\.m2\repository\org\apache\cxf\cxf-rt-transports-http\3.5.8\cxf-rt-transports-http-3.5.8.jar;C:\Users\YonZhang\.m2\repository\org\springframework\spring-web\5.3.33\spring-web-5.3.33.jar;C:\Users\YonZhang\.m2\repository\org\springframework\spring-beans\5.3.33\spring-beans-5.3.33.jar;C:\Users\YonZhang\.m2\repository\org\springframework\spring-core\5.3.33\spring-core-5.3.33.jar;C:\Users\YonZhang\.m2\repository\org\springframework\spring-jcl\5.3.33\spring-jcl-5.3.33.jar;C:\Users\YonZhang\.m2\repository\org\springframework\spring-context\5.3.33\spring-context-5.3.33.jar;C:\Users\YonZhang\.m2\repository\org\springframework\spring-aop\5.3.33\spring-aop-5.3.33.jar;C:\Users\YonZhang\.m2\repository\org\springframework\spring-expression\5.3.33\spring-expression-5.3.33.jar;C:\Users\YonZhang\.m2\repository\junit\junit\4.13\junit-4.13.jar;C:\Users\YonZhang\.m2\repository\org\hamcrest\hamcrest-core\1.3\hamcrest-core-1.3.jar;C:\Users\YonZhang\.m2\repository\jakarta\xml\ws\jakarta.xml.ws-api\3.0.1\jakarta.xml.ws-api-3.0.1.jar;C:\Users\YonZhang\.m2\repository\jakarta\jws\jakarta.jws-api\3.0.0\jakarta.jws-api-3.0.0.jar;C:\Users\YonZhang\.m2\repository\jakarta\xml\bind\jakarta.xml.bind-api\3.0.1\jakarta.xml.bind-api-3.0.1.jar;C:\Users\YonZhang\.m2\repository\com\sun\xml\ws\jaxws-rt\3.0.1\jaxws-rt-3.0.1.jar;C:\Users\YonZhang\.m2\repository\com\sun\xml\bind\jaxb-impl\3.0.1\jaxb-impl-3.0.1.jar;C:\Users\YonZhang\.m2\repository\com\sun\xml\bind\jaxb-core\3.0.1\jaxb-core-3.0.1.jar;C:\Users\YonZhang\.m2\repository\org\glassfish\ha\ha-api\3.1.13\ha-api-3.1.13.jar;C:\Users\YonZhang\.m2\repository\org\glassfish\external\management-api\3.2.3\management-api-3.2.3.jar;C:\Users\YonZhang\.m2\repository\org\glassfish\gmbal\gmbal-api-only\4.0.3\gmbal-api-only-4.0.3.jar;C:\Users\YonZhang\.m2\repository\org\jvnet\staxex\stax-ex\2.0.1\stax-ex-2.0.1.jar;C:\Users\YonZhang\.m2\repository\com\sun\xml\stream\buffer\streambuffer\2.0.2\streambuffer-2.0.2.jar;C:\Users\YonZhang\.m2\repository\org\jvnet\mimepull\mimepull\1.9.14\mimepull-1.9.14.jar;C:\Users\YonZhang\.m2\repository\com\sun\xml\fastinfoset\FastInfoset\2.0.0\FastInfoset-2.0.0.jar;C:\Users\YonZhang\.m2\repository\com\sun\mail\jakarta.mail\2.0.1\jakarta.mail-2.0.1.jar;C:\Users\YonZhang\.m2\repository\com\fasterxml\woodstox\woodstox-core\6.2.4\woodstox-core-6.2.4.jar;C:\Users\YonZhang\.m2\repository\org\codehaus\woodstox\stax2-api\4.2.1\stax2-api-4.2.1.jar;C:\Users\YonZhang\.m2\repository\jakarta\xml\soap\jakarta.xml.soap-api\3.0.1\jakarta.xml.soap-api-3.0.1.jar;C:\Users\YonZhang\.m2\repository\jakarta\activation\jakarta.activation-api\2.1.2\jakarta.activation-api-2.1.2.jar;C:\Users\YonZhang\.m2\repository\com\sun\xml\messaging\saaj\saaj-impl\3.0.1\saaj-impl-3.0.1.jar;C:\Users\YonZhang\.m2\repository\org\eclipse\angus\angus-activation\1.0.0\angus-activation-1.0.0.jar;C:\Users\YonZhang\.m2\repository\jakarta\annotation\jakarta.annotation-api\3.0.0\jakarta.annotation-api-3.0.0.jar;C:\Users\YonZhang\.m2\repository\org\apache\cxf\cxf-rt-transports-http-jetty\4.0.1\cxf-rt-transports-http-jetty-4.0.1.jar;C:\Users\YonZhang\.m2\repository\org\eclipse\jetty\jetty-server\11.0.15\jetty-server-11.0.15.jar;C:\Users\YonZhang\.m2\repository\org\eclipse\jetty\toolchain\jetty-jakarta-servlet-api\5.0.2\jetty-jakarta-servlet-api-5.0.2.jar;C:\Users\YonZhang\.m2\repository\org\eclipse\jetty\jetty-util\11.0.15\jetty-util-11.0.15.jar;C:\Users\YonZhang\.m2\repository\org\eclipse\jetty\jetty-io\11.0.15\jetty-io-11.0.15.jar;C:\Users\YonZhang\.m2\repository\org\eclipse\jetty\jetty-security\11.0.15\jetty-security-11.0.15.jar;C:\Users\YonZhang\.m2\repository\org\eclipse\jetty\jetty-http\11.0.15\jetty-http-11.0.15.jar;C:\Users\YonZhang\.m2\repository\org\slf4j\slf4j-api\2.0.7\slf4j-api-2.0.7.jar;"/>
    <property name="java.vm.vendor" value="Oracle Corporation"/>
    <property name="sun.arch.data.model" value="64"/>
    <property name="user.variant" value=""/>
    <property name="java.vendor.url" value="https://openjdk.java.net/"/>
    <property name="user.timezone" value="Asia/Shanghai"/>
    <property name="java.vm.specification.version" value="11"/>
    <property name="os.name" value="Windows 10"/>
    <property name="sun.java.launcher" value="SUN_STANDARD"/>
    <property name="user.country" value="US"/>
    <property name="sun.boot.library.path" value="C:\JavaOtherVersion\jdk-11\bin"/>
    <property name="sun.java.command" value="C:\Users\YonZhang\AppData\Local\Temp\surefire14088758933516253600\surefirebooter-20241128141950398_3.jar C:\Users\YonZhang\AppData\Local\Temp\surefire14088758933516253600 2024-11-28T14-19-49_931-jvmRun1 surefire-20241128141950398_1tmp surefire_0-20241128141950398_2tmp"/>
    <property name="jdk.debug" value="release"/>
    <property name="surefire.test.class.path" value="C:\interest-workspace\cxf\distribution\src\main\release\samples\java_first_jaxws\target\test-classes;C:\interest-workspace\cxf\distribution\src\main\release\samples\java_first_jaxws\target\classes;C:\Users\YonZhang\.m2\repository\org\apache\cxf\cxf-rt-frontend-jaxws\3.5.8\cxf-rt-frontend-jaxws-3.5.8.jar;C:\Users\YonZhang\.m2\repository\xml-resolver\xml-resolver\1.2\xml-resolver-1.2.jar;C:\Users\YonZhang\.m2\repository\org\ow2\asm\asm\9.6\asm-9.6.jar;C:\Users\YonZhang\.m2\repository\org\apache\cxf\cxf-core\3.5.8\cxf-core-3.5.8.jar;C:\Users\YonZhang\.m2\repository\org\glassfish\jaxb\jaxb-runtime\2.3.5\jaxb-runtime-2.3.5.jar;C:\Users\YonZhang\.m2\repository\org\glassfish\jaxb\txw2\2.3.5\txw2-2.3.5.jar;C:\Users\YonZhang\.m2\repository\com\sun\istack\istack-commons-runtime\3.0.12\istack-commons-runtime-3.0.12.jar;C:\Users\YonZhang\.m2\repository\org\apache\ws\xmlschema\xmlschema-core\2.3.1\xmlschema-core-2.3.1.jar;C:\Users\YonZhang\.m2\repository\org\apache\cxf\cxf-rt-bindings-soap\3.5.8\cxf-rt-bindings-soap-3.5.8.jar;C:\Users\YonZhang\.m2\repository\org\apache\cxf\cxf-rt-wsdl\3.5.8\cxf-rt-wsdl-3.5.8.jar;C:\Users\YonZhang\.m2\repository\wsdl4j\wsdl4j\1.6.3\wsdl4j-1.6.3.jar;C:\Users\YonZhang\.m2\repository\org\apache\cxf\cxf-rt-databinding-jaxb\3.5.8\cxf-rt-databinding-jaxb-3.5.8.jar;C:\Users\YonZhang\.m2\repository\org\apache\cxf\cxf-rt-bindings-xml\3.5.8\cxf-rt-bindings-xml-3.5.8.jar;C:\Users\YonZhang\.m2\repository\org\apache\cxf\cxf-rt-frontend-simple\3.5.8\cxf-rt-frontend-simple-3.5.8.jar;C:\Users\YonZhang\.m2\repository\org\apache\cxf\cxf-rt-ws-addr\3.5.8\cxf-rt-ws-addr-3.5.8.jar;C:\Users\YonZhang\.m2\repository\org\apache\cxf\cxf-rt-ws-policy\3.5.8\cxf-rt-ws-policy-3.5.8.jar;C:\Users\YonZhang\.m2\repository\org\apache\neethi\neethi\3.2.0\neethi-3.2.0.jar;C:\Users\YonZhang\.m2\repository\com\sun\activation\jakarta.activation\1.2.2\jakarta.activation-1.2.2.jar;C:\Users\YonZhang\.m2\repository\org\apache\geronimo\specs\geronimo-jta_1.1_spec\1.1.1\geronimo-jta_1.1_spec-1.1.1.jar;C:\Users\YonZhang\.m2\repository\org\apache\cxf\cxf-rt-transports-http\3.5.8\cxf-rt-transports-http-3.5.8.jar;C:\Users\YonZhang\.m2\repository\org\springframework\spring-web\5.3.33\spring-web-5.3.33.jar;C:\Users\YonZhang\.m2\repository\org\springframework\spring-beans\5.3.33\spring-beans-5.3.33.jar;C:\Users\YonZhang\.m2\repository\org\springframework\spring-core\5.3.33\spring-core-5.3.33.jar;C:\Users\YonZhang\.m2\repository\org\springframework\spring-jcl\5.3.33\spring-jcl-5.3.33.jar;C:\Users\YonZhang\.m2\repository\org\springframework\spring-context\5.3.33\spring-context-5.3.33.jar;C:\Users\YonZhang\.m2\repository\org\springframework\spring-aop\5.3.33\spring-aop-5.3.33.jar;C:\Users\YonZhang\.m2\repository\org\springframework\spring-expression\5.3.33\spring-expression-5.3.33.jar;C:\Users\YonZhang\.m2\repository\junit\junit\4.13\junit-4.13.jar;C:\Users\YonZhang\.m2\repository\org\hamcrest\hamcrest-core\1.3\hamcrest-core-1.3.jar;C:\Users\YonZhang\.m2\repository\jakarta\xml\ws\jakarta.xml.ws-api\3.0.1\jakarta.xml.ws-api-3.0.1.jar;C:\Users\YonZhang\.m2\repository\jakarta\jws\jakarta.jws-api\3.0.0\jakarta.jws-api-3.0.0.jar;C:\Users\YonZhang\.m2\repository\jakarta\xml\bind\jakarta.xml.bind-api\3.0.1\jakarta.xml.bind-api-3.0.1.jar;C:\Users\YonZhang\.m2\repository\com\sun\xml\ws\jaxws-rt\3.0.1\jaxws-rt-3.0.1.jar;C:\Users\YonZhang\.m2\repository\com\sun\xml\bind\jaxb-impl\3.0.1\jaxb-impl-3.0.1.jar;C:\Users\YonZhang\.m2\repository\com\sun\xml\bind\jaxb-core\3.0.1\jaxb-core-3.0.1.jar;C:\Users\YonZhang\.m2\repository\org\glassfish\ha\ha-api\3.1.13\ha-api-3.1.13.jar;C:\Users\YonZhang\.m2\repository\org\glassfish\external\management-api\3.2.3\management-api-3.2.3.jar;C:\Users\YonZhang\.m2\repository\org\glassfish\gmbal\gmbal-api-only\4.0.3\gmbal-api-only-4.0.3.jar;C:\Users\YonZhang\.m2\repository\org\jvnet\staxex\stax-ex\2.0.1\stax-ex-2.0.1.jar;C:\Users\YonZhang\.m2\repository\com\sun\xml\stream\buffer\streambuffer\2.0.2\streambuffer-2.0.2.jar;C:\Users\YonZhang\.m2\repository\org\jvnet\mimepull\mimepull\1.9.14\mimepull-1.9.14.jar;C:\Users\YonZhang\.m2\repository\com\sun\xml\fastinfoset\FastInfoset\2.0.0\FastInfoset-2.0.0.jar;C:\Users\YonZhang\.m2\repository\com\sun\mail\jakarta.mail\2.0.1\jakarta.mail-2.0.1.jar;C:\Users\YonZhang\.m2\repository\com\fasterxml\woodstox\woodstox-core\6.2.4\woodstox-core-6.2.4.jar;C:\Users\YonZhang\.m2\repository\org\codehaus\woodstox\stax2-api\4.2.1\stax2-api-4.2.1.jar;C:\Users\YonZhang\.m2\repository\jakarta\xml\soap\jakarta.xml.soap-api\3.0.1\jakarta.xml.soap-api-3.0.1.jar;C:\Users\YonZhang\.m2\repository\jakarta\activation\jakarta.activation-api\2.1.2\jakarta.activation-api-2.1.2.jar;C:\Users\YonZhang\.m2\repository\com\sun\xml\messaging\saaj\saaj-impl\3.0.1\saaj-impl-3.0.1.jar;C:\Users\YonZhang\.m2\repository\org\eclipse\angus\angus-activation\1.0.0\angus-activation-1.0.0.jar;C:\Users\YonZhang\.m2\repository\jakarta\annotation\jakarta.annotation-api\3.0.0\jakarta.annotation-api-3.0.0.jar;C:\Users\YonZhang\.m2\repository\org\apache\cxf\cxf-rt-transports-http-jetty\4.0.1\cxf-rt-transports-http-jetty-4.0.1.jar;C:\Users\YonZhang\.m2\repository\org\eclipse\jetty\jetty-server\11.0.15\jetty-server-11.0.15.jar;C:\Users\YonZhang\.m2\repository\org\eclipse\jetty\toolchain\jetty-jakarta-servlet-api\5.0.2\jetty-jakarta-servlet-api-5.0.2.jar;C:\Users\YonZhang\.m2\repository\org\eclipse\jetty\jetty-util\11.0.15\jetty-util-11.0.15.jar;C:\Users\YonZhang\.m2\repository\org\eclipse\jetty\jetty-io\11.0.15\jetty-io-11.0.15.jar;C:\Users\YonZhang\.m2\repository\org\eclipse\jetty\jetty-security\11.0.15\jetty-security-11.0.15.jar;C:\Users\YonZhang\.m2\repository\org\eclipse\jetty\jetty-http\11.0.15\jetty-http-11.0.15.jar;C:\Users\YonZhang\.m2\repository\org\slf4j\slf4j-api\2.0.7\slf4j-api-2.0.7.jar;"/>
    <property name="sun.cpu.endian" value="little"/>
    <property name="user.home" value="C:\Users\YonZhang"/>
    <property name="user.language" value="en"/>
    <property name="java.specification.vendor" value="Oracle Corporation"/>
    <property name="java.version.date" value="2023-04-18"/>
    <property name="java.home" value="C:\JavaOtherVersion\jdk-11"/>
    <property name="file.separator" value="\"/>
    <property name="basedir" value="C:\interest-workspace\cxf\distribution\src\main\release\samples\java_first_jaxws"/>
    <property name="java.vm.compressedOopsMode" value="Zero based"/>
    <property name="line.separator" value="&#10;"/>
    <property name="java.specification.name" value="Java Platform API Specification"/>
    <property name="java.vm.specification.vendor" value="Oracle Corporation"/>
    <property name="java.awt.graphicsenv" value="sun.awt.Win32GraphicsEnvironment"/>
    <property name="surefire.real.class.path" value="C:\Users\YonZhang\AppData\Local\Temp\surefire14088758933516253600\surefirebooter-20241128141950398_3.jar"/>
    <property name="user.script" value=""/>
    <property name="sun.management.compiler" value="HotSpot 64-Bit Tiered Compilers"/>
    <property name="java.runtime.version" value="11.0.19+9-LTS-224"/>
    <property name="user.name" value="yzhang7"/>
    <property name="path.separator" value=";"/>
    <property name="os.version" value="10.0"/>
    <property name="java.runtime.name" value="Java(TM) SE Runtime Environment"/>
    <property name="file.encoding" value="Cp1252"/>
    <property name="java.vm.name" value="Java HotSpot(TM) 64-Bit Server VM"/>
    <property name="java.vendor.version" value="18.9"/>
    <property name="localRepository" value="C:\Users\YonZhang\.m2\repository"/>
    <property name="java.vendor.url.bug" value="https://bugreport.java.com/bugreport/"/>
    <property name="java.io.tmpdir" value="C:\Users\YonZhang\AppData\Local\Temp\"/>
    <property name="java.version" value="11.0.19"/>
    <property name="user.dir" value="C:\interest-workspace\cxf\distribution\src\main\release\samples\java_first_jaxws"/>
    <property name="os.arch" value="amd64"/>
    <property name="java.vm.specification.name" value="Java Virtual Machine Specification"/>
    <property name="java.awt.printerjob" value="sun.awt.windows.WPrinterJob"/>
    <property name="sun.os.patch.level" value=""/>
    <property name="java.library.path" value="C:\JavaOtherVersion\jdk-11\bin;C:\windows\Sun\Java\bin;C:\windows\system32;C:\windows;C:\JavaOtherVersion\jdk-11\jre\bin;C:\JavaOtherVersion\jdk-11\bin;C:\Python311\Scripts\;C:\Python311\;C:\Program Files\Python310\Scripts\;C:\Program Files\Python310\;C:\windows\system32;C:\windows;C:\windows\System32\Wbem;C:\windows\System32\WindowsPowerShell\v1.0\;C:\Program Files\Novell\iPrint;C:\Program Files (x86)\Pulse Secure\VC142.CRT\X64\;C:\Program Files (x86)\Pulse Secure\VC142.CRT\X86\;C:\Program Files\dotnet\;C:\apache-ant-1.9.3\bin;C:\cygwin64\bin;C:\Program Files\Git\cmd;C:\Users\YonZhang\AppData\Local\Programs\pgAdmin 4\v6\runtime;C:\Oracle\instantclient_19_16\bin;C:\ProgramData\chocolatey\bin;C:\Program Files (x86)\Symantec\VIP Access Client\;C:\HashiCorp\Vagrant\bin;C:\Program Files (x86)\Common Files\Pulse Secure\TNC Client Plugin\;C:\tools\mpv-x86_64;C:\Program Files\PuTTY\;C:\tools\gh_2.30.0_windows_amd64\bin\gh.exe;C:\tools\pscp;C:\tools\itg_goto\;C:\tools\apache-maven-3.9.4\bin;C:\Users\YonZhang\AppData\Roaming\Python\Python311\Scripts;C:\tools;C:\Program Files\nodejs\;C:\Users\YonZhang\AppData\Local\Android\Sdk\platform-tools;C:\Program Files\Docker\Docker\resources\bin;C:\cygwin64\bin;C:\Program Files\wkhtmltopdf\bin;C:\Program Files\MiKTeX\miktex\bin\x64\;C:\Program Files\Pandoc\;C:\Users\YonZhang\AppData\Local\Microsoft\WindowsApps;C:\Users\YonZhang\AppData\Local\GitHubDesktop\bin;C:\Users\YonZhang\AppData\Local\Programs\Microsoft VS Code\bin;C:\Users\YonZhang\AppData\Local\Programs\Fiddler;C:\Users\YonZhang\AppData\Roaming\npm;."/>
    <property name="java.vendor" value="Oracle Corporation"/>
    <property name="java.vm.info" value="mixed mode"/>
    <property name="java.vm.version" value="11.0.19+9-LTS-224"/>
    <property name="sun.io.unicode.encoding" value="UnicodeLittle"/>
    <property name="java.class.version" value="55.0"/>
  </properties>
  <testcase name="testGetUsers" classname="demo.hw.server.HelloWorldImplTest" time="0.012">
    <system-out><![CDATA[sayHiToUser called
sayHiToUser called
getUsers called
]]></system-out>
  </testcase>
  <testcase name="testSayHi" classname="demo.hw.server.HelloWorldImplTest" time="0.0">
    <system-out><![CDATA[sayHi called
]]></system-out>
  </testcase>
  <testcase name="testSayHiToUser" classname="demo.hw.server.HelloWorldImplTest" time="0.002">
    <system-out><![CDATA[sayHiToUser called
]]></system-out>
  </testcase>
</testsuite>